{
    "tests": [
        {
            "output": {
                "passfail": "failed"
            },
            "traceback": "Traceback (most recent call last):\n  File \"/home/vmuser_ufkltzoc/CVResult.py\", line 29, in func_wrapper\n    ans = func(self)\n  File \"run.py\", line 125, in testConstructionSignBlank\n    100, ps2.construction_sign_detection, 6)\n  File \"run.py\", line 90, in traffic_sign_scene_helper\n    result = detect_fn(test_image)\n  File \"/home/vmuser_ufkltzoc/workspace/ps2.py\", line 202, in construction_sign_detection\n    raise NotImplementedError\nNotImplementedError\n",
            "description": "Test for construction sign detection with a blank scene (5 points)"
        },
        {
            "output": {
                "passfail": "failed"
            },
            "traceback": "Traceback (most recent call last):\n  File \"/home/vmuser_ufkltzoc/CVResult.py\", line 29, in func_wrapper\n    ans = func(self)\n  File \"run.py\", line 132, in testDoNotEnterSignBlank\n    100, ps2.do_not_enter_sign_detection, 6)\n  File \"run.py\", line 90, in traffic_sign_scene_helper\n    result = detect_fn(test_image)\n  File \"/home/vmuser_ufkltzoc/workspace/ps2.py\", line 215, in do_not_enter_sign_detection\n    raise NotImplementedError\nNotImplementedError\n",
            "description": "Test for do not enter sign detection with a blank scene (10 points)"
        },
        {
            "output": {
                "passfail": "failed"
            },
            "traceback": "Traceback (most recent call last):\n  File \"/home/vmuser_ufkltzoc/CVResult.py\", line 29, in func_wrapper\n    ans = func(self)\n  File \"run.py\", line 111, in testStopSignBlank\n    100, ps2.stop_sign_detection, 6, 10)\n  File \"run.py\", line 90, in traffic_sign_scene_helper\n    result = detect_fn(test_image)\n  File \"/home/vmuser_ufkltzoc/workspace/ps2.py\", line 176, in stop_sign_detection\n    raise NotImplementedError\nNotImplementedError\n",
            "description": "Test for stop sign detection with a blank scene (20 points)"
        },
        {
            "output": {
                "passfail": "failed"
            },
            "traceback": "Traceback (most recent call last):\n  File \"/home/vmuser_ufkltzoc/CVResult.py\", line 29, in func_wrapper\n    ans = func(self)\n  File \"run.py\", line 118, in testWarningSignBlank\n    100, ps2.warning_sign_detection, 6)\n  File \"run.py\", line 90, in traffic_sign_scene_helper\n    result = detect_fn(test_image)\n  File \"/home/vmuser_ufkltzoc/workspace/ps2.py\", line 189, in warning_sign_detection\n    raise NotImplementedError\nNotImplementedError\n",
            "description": "Test for warning sign detection with a blank scene (5 points)"
        },
        {
            "output": {
                "passfail": "failed"
            },
            "traceback": "Traceback (most recent call last):\n  File \"/home/vmuser_ufkltzoc/CVResult.py\", line 29, in func_wrapper\n    ans = func(self)\n  File \"run.py\", line 138, in testYieldSignBlank\n    100, ps2.yield_sign_detection, 6, 10)\n  File \"run.py\", line 93, in traffic_sign_scene_helper\n    self.check_tuple(result, 2)\n  File \"/home/vmuser_ufkltzoc/verify_student_output.py\", line 75, in check_tuple\n    \"be a {}-element tuple.\".format(len(output), length))\nAssertionError: Tuple does not have the required number of elements. Your function returned a 0-element tuple while the answer must be a 2-element tuple.\n",
            "description": "Test for yield sign detection with a blank scene (20 points)"
        },
        {
            "output": {
                "passfail": "passed"
            },
            "traceback": "",
            "description": "Test for traffic light detection with a blank scene (15 points)"
        },
        {
            "output": {
                "passfail": "passed"
            },
            "traceback": "",
            "description": "Test for traffic light detection with a simulated street scene (25 points)"
        }
    ],
    "unauthorized_lib_calls": []
}